# JRE version: OpenJDK Runtime Environment Temurin-21.0.11+10 (21.0.11+10) (build 21.0.11+10-LTS)
# Java VM: OpenJDK 64-Bit Server VM Temurin-21.0.11+10 (21.0.11+10-LTS, mixed mode, sharing, tiered, compressed oops, compressed class ptrs, parallel gc, windows-amd64)
GC Precious Log:
 CardTable entry size: 512
 CPUs: 8 total, 8 available
 Memory: 3501M
 Large Page Support: Disabled
 NUMA Support: Disabled
 Compressed Oops: Enabled (32-bit)
 Alignments: Space 512K, Generation 512K, Heap 2M
 Heap Min Capacity: 100M
 Heap Initial Capacity: 100M
 Heap Max Capacity: 2G
 Pre-touch: Disabled
 Parallel Workers: 8
Heap:
 PSYoungGen      total 6144K, used 3679K [0x00000000d5580000, 0x00000000d5f00000, 0x0000000100000000)
  eden space 4608K, 74% used [0x00000000d5580000,0x00000000d58d7c68,0x00000000d5a00000)
  from space 1536K, 16% used [0x00000000d5c00000,0x00000000d5c40000,0x00000000d5d80000)
  to   space 1024K, 0% used [0x00000000d5e00000,0x00000000d5e00000,0x00000000d5f00000)
 ParOldGen       total 1244160K, used 413174K [0x0000000080000000, 0x00000000cbf00000, 0x00000000d5580000)
  object space 1244160K, 33% used [0x0000000080000000,0x000000009937db88,0x00000000cbf00000)
 Metaspace       used 101537K, committed 103616K, reserved 1179648K
  class space    used 10445K, committed 11456K, reserved 1048576K
GC Heap History (20 events):
Event: 4956.320 GC heap before
{Heap before GC invocations=2498 (full 6):
 PSYoungGen      total 5632K, used 4881K [0x00000000d5580000, 0x00000000d5f80000, 0x0000000100000000)
  eden space 4608K, 87% used [0x00000000d5580000,0x00000000d596b538,0x00000000d5a00000)
  from space 1024K, 84% used [0x00000000d5a00000,0x00000000d5ad9210,0x00000000d5b00000)
  to   space 1024K, 0% used [0x00000000d5e80000,0x00000000d5e80000,0x00000000d5f80000)
 ParOldGen       total 1244160K, used 408944K [0x0000000080000000, 0x00000000cbf00000, 0x00000000d5580000)
  object space 1244160K, 32% used [0x0000000080000000,0x0000000098f5c2d8,0x00000000cbf00000)
 Metaspace       used 101516K, committed 103616K, reserved 1179648K
  class space    used 10445K, committed 11456K, reserved 1048576K
}
Event: 4956.326 GC heap after
{Heap after GC invocations=2498 (full 6):
 PSYoungGen      total 5632K, used 528K [0x00000000d5580000, 0x00000000d5f80000, 0x0000000100000000)
  eden space 4608K, 0% used [0x00000000d5580000,0x00000000d5580000,0x00000000d5a00000)
  from space 1024K, 51% used [0x00000000d5e80000,0x00000000d5f04010,0x00000000d5f80000)
  to   space 1024K, 0% used [0x00000000d5a00000,0x00000000d5a00000,0x00000000d5b00000)
 ParOldGen       total 1244160K, used 409725K [0x0000000080000000, 0x00000000cbf00000, 0x00000000d5580000)
  object space 1244160K, 32% used [0x0000000080000000,0x000000009901f4e8,0x00000000cbf00000)
 Metaspace       used 101516K, committed 103616K, reserved 1179648K
  class space    used 10445K, committed 11456K, reserved 1048576K
}
Event: 4956.348 GC heap before
{Heap before GC invocations=2499 (full 6):
 PSYoungGen      total 5632K, used 5136K [0x00000000d5580000, 0x00000000d5f80000, 0x0000000100000000)
  eden space 4608K, 100% used [0x00000000d5580000,0x00000000d5a00000,0x00000000d5a00000)
  from space 1024K, 51% used [0x00000000d5e80000,0x00000000d5f04010,0x00000000d5f80000)
  to   space 1024K, 0% used [0x00000000d5a00000,0x00000000d5a00000,0x00000000d5b00000)
 ParOldGen       total 1244160K, used 409725K [0x0000000080000000, 0x00000000cbf00000, 0x00000000d5580000)
  object space 1244160K, 32% used [0x0000000080000000,0x000000009901f4e8,0x00000000cbf00000)
 Metaspace       used 101516K, committed 103616K, reserved 1179648K
  class space    used 10445K, committed 11456K, reserved 1048576K
}
Event: 4956.353 GC heap after
{Heap after GC invocations=2499 (full 6):
 PSYoungGen      total 5632K, used 160K [0x00000000d5580000, 0x00000000d5f00000, 0x0000000100000000)
  eden space 4608K, 0% used [0x00000000d5580000,0x00000000d5580000,0x00000000d5a00000)
  from space 1024K, 15% used [0x00000000d5a00000,0x00000000d5a28000,0x00000000d5b00000)
  to   space 512K, 0% used [0x00000000d5e80000,0x00000000d5e80000,0x00000000d5f00000)
 ParOldGen       total 1244160K, used 410169K [0x0000000080000000, 0x00000000cbf00000, 0x00000000d5580000)
  object space 1244160K, 32% used [0x0000000080000000,0x000000009908e7a0,0x00000000cbf00000)
 Metaspace       used 101516K, committed 103616K, reserved 1179648K
  class space    used 10445K, committed 11456K, reserved 1048576K
}
Event: 4956.410 GC heap before
{Heap before GC invocations=2500 (full 6):
 PSYoungGen      total 5632K, used 4768K [0x00000000d5580000, 0x00000000d5f00000, 0x0000000100000000)
  eden space 4608K, 100% used [0x00000000d5580000,0x00000000d5a00000,0x00000000d5a00000)
  from space 1024K, 15% used [0x00000000d5a00000,0x00000000d5a28000,0x00000000d5b00000)
  to   space 512K, 0% used [0x00000000d5e80000,0x00000000d5e80000,0x00000000d5f00000)
 ParOldGen       total 1244160K, used 410169K [0x0000000080000000, 0x00000000cbf00000, 0x00000000d5580000)
  object space 1244160K, 32% used [0x0000000080000000,0x000000009908e7a0,0x00000000cbf00000)
 Metaspace       used 101516K, committed 103616K, reserved 1179648K
  class space    used 10445K, committed 11456K, reserved 1048576K
}
Event: 4956.412 GC heap after
{Heap after GC invocations=2500 (full 6):
 PSYoungGen      total 5120K, used 160K [0x00000000d5580000, 0x00000000d5f00000, 0x0000000100000000)
  eden space 4608K, 0% used [0x00000000d5580000,0x00000000d5580000,0x00000000d5a00000)
  from space 512K, 31% used [0x00000000d5e80000,0x00000000d5ea8000,0x00000000d5f00000)
  to   space 512K, 0% used [0x00000000d5e00000,0x00000000d5e00000,0x00000000d5e80000)
 ParOldGen       total 1244160K, used 410225K [0x0000000080000000, 0x00000000cbf00000, 0x00000000d5580000)
  object space 1244160K, 32% used [0x0000000080000000,0x000000009909c7a0,0x00000000cbf00000)
 Metaspace       used 101516K, committed 103616K, reserved 1179648K
  class space    used 10445K, committed 11456K, reserved 1048576K
}
Event: 4957.133 GC heap before
{Heap before GC invocations=2501 (full 6):
 PSYoungGen      total 5120K, used 4768K [0x00000000d5580000, 0x00000000d5f00000, 0x0000000100000000)
  eden space 4608K, 100% used [0x00000000d5580000,0x00000000d5a00000,0x00000000d5a00000)
  from space 512K, 31% used [0x00000000d5e80000,0x00000000d5ea8000,0x00000000d5f00000)
  to   space 512K, 0% used [0x00000000d5e00000,0x00000000d5e00000,0x00000000d5e80000)
 ParOldGen       total 1244160K, used 410225K [0x0000000080000000, 0x00000000cbf00000, 0x00000000d5580000)
  object space 1244160K, 32% used [0x0000000080000000,0x000000009909c7a0,0x00000000cbf00000)
 Metaspace       used 101516K, committed 103616K, reserved 1179648K
  class space    used 10445K, committed 11456K, reserved 1048576K
}
Event: 4957.136 GC heap after
{Heap after GC invocations=2501 (full 6):
 PSYoungGen      total 5120K, used 352K [0x00000000d5580000, 0x00000000d5f00000, 0x0000000100000000)
  eden space 4608K, 0% used [0x00000000d5580000,0x00000000d5580000,0x00000000d5a00000)
  from space 512K, 68% used [0x00000000d5e00000,0x00000000d5e58000,0x00000000d5e80000)
  to   space 512K, 0% used [0x00000000d5e80000,0x00000000d5e80000,0x00000000d5f00000)
 ParOldGen       total 1244160K, used 410281K [0x0000000080000000, 0x00000000cbf00000, 0x00000000d5580000)
  object space 1244160K, 32% used [0x0000000080000000,0x00000000990aa7a0,0x00000000cbf00000)
 Metaspace       used 101516K, committed 103616K, reserved 1179648K
  class space    used 10445K, committed 11456K, reserved 1048576K
}
Event: 4957.154 GC heap before
{Heap before GC invocations=2502 (full 6):
 PSYoungGen      total 5120K, used 4960K [0x00000000d5580000, 0x00000000d5f00000, 0x0000000100000000)
  eden space 4608K, 100% used [0x00000000d5580000,0x00000000d5a00000,0x00000000d5a00000)
  from space 512K, 68% used [0x00000000d5e00000,0x00000000d5e58000,0x00000000d5e80000)
  to   space 512K, 0% used [0x00000000d5e80000,0x00000000d5e80000,0x00000000d5f00000)
 ParOldGen       total 1244160K, used 410281K [0x0000000080000000, 0x00000000cbf00000, 0x00000000d5580000)
  object space 1244160K, 32% used [0x0000000080000000,0x00000000990aa7a0,0x00000000cbf00000)
 Metaspace       used 101516K, committed 103616K, reserved 1179648K
  class space    used 10445K, committed 11456K, reserved 1048576K
}
Event: 4957.157 GC heap after
{Heap after GC invocations=2502 (full 6):
 PSYoungGen      total 5120K, used 192K [0x00000000d5580000, 0x00000000d5f00000, 0x0000000100000000)
  eden space 4608K, 0% used [0x00000000d5580000,0x00000000d5580000,0x00000000d5a00000)
  from space 512K, 37% used [0x00000000d5e80000,0x00000000d5eb0000,0x00000000d5f00000)
  to   space 512K, 0% used [0x00000000d5e00000,0x00000000d5e00000,0x00000000d5e80000)
 ParOldGen       total 1244160K, used 410545K [0x0000000080000000, 0x00000000cbf00000, 0x00000000d5580000)
  object space 1244160K, 32% used [0x0000000080000000,0x00000000990ec7a0,0x00000000cbf00000)
 Metaspace       used 101516K, committed 103616K, reserved 1179648K
  class space    used 10445K, committed 11456K, reserved 1048576K
}
Event: 4957.178 GC heap before
{Heap before GC invocations=2503 (full 6):
 PSYoungGen      total 5120K, used 4800K [0x00000000d5580000, 0x00000000d5f00000, 0x0000000100000000)
  eden space 4608K, 100% used [0x00000000d5580000,0x00000000d5a00000,0x00000000d5a00000)
  from space 512K, 37% used [0x00000000d5e80000,0x00000000d5eb0000,0x00000000d5f00000)
  to   space 512K, 0% used [0x00000000d5e00000,0x00000000d5e00000,0x00000000d5e80000)
 ParOldGen       total 1244160K, used 410545K [0x0000000080000000, 0x00000000cbf00000, 0x00000000d5580000)
  object space 1244160K, 32% used [0x0000000080000000,0x00000000990ec7a0,0x00000000cbf00000)
 Metaspace       used 101516K, committed 103616K, reserved 1179648K
  class space    used 10445K, committed 11456K, reserved 1048576K
}
Event: 4957.179 GC heap after
{Heap after GC invocations=2503 (full 6):
 PSYoungGen      total 5120K, used 224K [0x00000000d5580000, 0x00000000d5f00000, 0x0000000100000000)
  eden space 4608K, 0% used [0x00000000d5580000,0x00000000d5580000,0x00000000d5a00000)
  from space 512K, 43% used [0x00000000d5e00000,0x00000000d5e38000,0x00000000d5e80000)
  to   space 512K, 0% used [0x00000000d5e80000,0x00000000d5e80000,0x00000000d5f00000)
 ParOldGen       total 1244160K, used 410617K [0x0000000080000000, 0x00000000cbf00000, 0x00000000d5580000)
  object space 1244160K, 33% used [0x0000000080000000,0x00000000990fe7a0,0x00000000cbf00000)
 Metaspace       used 101516K, committed 103616K, reserved 1179648K
  class space    used 10445K, committed 11456K, reserved 1048576K
}
Event: 4958.257 GC heap before
{Heap before GC invocations=2504 (full 6):
 PSYoungGen      total 5120K, used 4830K [0x00000000d5580000, 0x00000000d5f00000, 0x0000000100000000)
  eden space 4608K, 99% used [0x00000000d5580000,0x00000000d59ff928,0x00000000d5a00000)
  from space 512K, 43% used [0x00000000d5e00000,0x00000000d5e38000,0x00000000d5e80000)
  to   space 512K, 0% used [0x00000000d5e80000,0x00000000d5e80000,0x00000000d5f00000)
 ParOldGen       total 1244160K, used 410617K [0x0000000080000000, 0x00000000cbf00000, 0x00000000d5580000)
  object space 1244160K, 33% used [0x0000000080000000,0x00000000990fe7a0,0x00000000cbf00000)
 Metaspace       used 101516K, committed 103616K, reserved 1179648K
  class space    used 10445K, committed 11456K, reserved 1048576K
}
Event: 4958.259 GC heap after
{Heap after GC invocations=2504 (full 6):
 PSYoungGen      total 5120K, used 192K [0x00000000d5580000, 0x00000000d5f00000, 0x0000000100000000)
  eden space 4608K, 0% used [0x00000000d5580000,0x00000000d5580000,0x00000000d5a00000)
  from space 512K, 37% used [0x00000000d5e80000,0x00000000d5eb0000,0x00000000d5f00000)
  to   space 512K, 0% used [0x00000000d5e00000,0x00000000d5e00000,0x00000000d5e80000)
 ParOldGen       total 1244160K, used 410681K [0x0000000080000000, 0x00000000cbf00000, 0x00000000d5580000)
  object space 1244160K, 33% used [0x0000000080000000,0x000000009910e7a0,0x00000000cbf00000)
 Metaspace       used 101516K, committed 103616K, reserved 1179648K
  class space    used 10445K, committed 11456K, reserved 1048576K
}
Event: 4984.420 GC heap before
{Heap before GC invocations=2505 (full 6):
 PSYoungGen      total 5120K, used 4800K [0x00000000d5580000, 0x00000000d5f00000, 0x0000000100000000)
  eden space 4608K, 100% used [0x00000000d5580000,0x00000000d5a00000,0x00000000d5a00000)
  from space 512K, 37% used [0x00000000d5e80000,0x00000000d5eb0000,0x00000000d5f00000)
  to   space 512K, 0% used [0x00000000d5e00000,0x00000000d5e00000,0x00000000d5e80000)
 ParOldGen       total 1244160K, used 410681K [0x0000000080000000, 0x00000000cbf00000, 0x00000000d5580000)
  object space 1244160K, 33% used [0x0000000080000000,0x000000009910e7a0,0x00000000cbf00000)
 Metaspace       used 101531K, committed 103616K, reserved 1179648K
  class space    used 10445K, committed 11456K, reserved 1048576K
}
Event: 4984.585 GC heap after
{Heap after GC invocations=2505 (full 6):
 PSYoungGen      total 5120K, used 480K [0x00000000d5580000, 0x00000000d5f00000, 0x0000000100000000)
  eden space 4608K, 0% used [0x00000000d5580000,0x00000000d5580000,0x00000000d5a00000)
  from space 512K, 93% used [0x00000000d5e00000,0x00000000d5e78040,0x00000000d5e80000)
  to   space 512K, 0% used [0x00000000d5e80000,0x00000000d5e80000,0x00000000d5f00000)
 ParOldGen       total 1244160K, used 411849K [0x0000000080000000, 0x00000000cbf00000, 0x00000000d5580000)
  object space 1244160K, 33% used [0x0000000080000000,0x00000000992327a0,0x00000000cbf00000)
 Metaspace       used 101531K, committed 103616K, reserved 1179648K
  class space    used 10445K, committed 11456K, reserved 1048576K
}
Event: 4984.604 GC heap before
{Heap before GC invocations=2506 (full 6):
 PSYoungGen      total 5120K, used 5088K [0x00000000d5580000, 0x00000000d5f00000, 0x0000000100000000)
  eden space 4608K, 100% used [0x00000000d5580000,0x00000000d5a00000,0x00000000d5a00000)
  from space 512K, 93% used [0x00000000d5e00000,0x00000000d5e78040,0x00000000d5e80000)
  to   space 512K, 0% used [0x00000000d5e80000,0x00000000d5e80000,0x00000000d5f00000)
 ParOldGen       total 1244160K, used 411849K [0x0000000080000000, 0x00000000cbf00000, 0x00000000d5580000)
  object space 1244160K, 33% used [0x0000000080000000,0x00000000992327a0,0x00000000cbf00000)
 Metaspace       used 101531K, committed 103616K, reserved 1179648K
  class space    used 10445K, committed 11456K, reserved 1048576K
}
Event: 4984.610 GC heap after
{Heap after GC invocations=2506 (full 6):
 PSYoungGen      total 5120K, used 480K [0x00000000d5580000, 0x00000000d5f00000, 0x0000000100000000)
  eden space 4608K, 0% used [0x00000000d5580000,0x00000000d5580000,0x00000000d5a00000)
  from space 512K, 93% used [0x00000000d5e80000,0x00000000d5ef8020,0x00000000d5f00000)
  to   space 1536K, 0% used [0x00000000d5c00000,0x00000000d5c00000,0x00000000d5d80000)
 ParOldGen       total 1244160K, used 412656K [0x0000000080000000, 0x00000000cbf00000, 0x00000000d5580000)
  object space 1244160K, 33% used [0x0000000080000000,0x00000000992fc380,0x00000000cbf00000)
 Metaspace       used 101531K, committed 103616K, reserved 1179648K
  class space    used 10445K, committed 11456K, reserved 1048576K
}
Event: 4984.625 GC heap before
{Heap before GC invocations=2507 (full 6):
 PSYoungGen      total 5120K, used 5088K [0x00000000d5580000, 0x00000000d5f00000, 0x0000000100000000)
  eden space 4608K, 100% used [0x00000000d5580000,0x00000000d5a00000,0x00000000d5a00000)
  from space 512K, 93% used [0x00000000d5e80000,0x00000000d5ef8020,0x00000000d5f00000)
  to   space 1536K, 0% used [0x00000000d5c00000,0x00000000d5c00000,0x00000000d5d80000)
 ParOldGen       total 1244160K, used 412656K [0x0000000080000000, 0x00000000cbf00000, 0x00000000d5580000)
  object space 1244160K, 33% used [0x0000000080000000,0x00000000992fc380,0x00000000cbf00000)
 Metaspace       used 101531K, committed 103616K, reserved 1179648K
  class space    used 10445K, committed 11456K, reserved 1048576K
}
Event: 4984.629 GC heap after
{Heap after GC invocations=2507 (full 6):
 PSYoungGen      total 6144K, used 256K [0x00000000d5580000, 0x00000000d5f00000, 0x0000000100000000)
  eden space 4608K, 0% used [0x00000000d5580000,0x00000000d5580000,0x00000000d5a00000)
  from space 1536K, 16% used [0x00000000d5c00000,0x00000000d5c40000,0x00000000d5d80000)
  to   space 1024K, 0% used [0x00000000d5e00000,0x00000000d5e00000,0x00000000d5f00000)
 ParOldGen       total 1244160K, used 413174K [0x0000000080000000, 0x00000000cbf00000, 0x00000000d5580000)
  object space 1244160K, 33% used [0x0000000080000000,0x000000009937db88,0x00000000cbf00000)
 Metaspace       used 101531K, committed 103616K, reserved 1179648K
  class space    used 10445K, committed 11456K, reserved 1048576K
}

